API running on localhost:3000
closed 0 Documentation/ABI/stable
closed 0 Documentation/ABI/removed
closed 0 Documentation/ABI/obsolete
closed 0 Documentation/ABI
closed 0 Documentation
line and commit log pushed
success: .gitattributes
closed 1 .gitattributes
line and commit log pushed
success: Documentation/.gitignore
closed 2 Documentation/.gitignore
line and commit log pushed
success: .cocciconfig
closed 3 .cocciconfig
line and commit log pushed
success: Documentation/ABI/removed/sysfs-class-rfkill
closed 4 Documentation/ABI/removed/sysfs-class-rfkill
line and commit log pushed
success: Documentation/ABI/stable/sysfs-bus-vmbus
closed 5 Documentation/ABI/stable/sysfs-bus-vmbus
line and commit log pushed
success: .get_maintainer.ignore
closed 6 .get_maintainer.ignore
line and commit log pushed
success: Documentation/ABI/stable/sysfs-bus-w1
closed 7 Documentation/ABI/stable/sysfs-bus-w1
line and commit log pushed
success: Documentation/ABI/stable/sysfs-devices
closed 8 Documentation/ABI/stable/sysfs-devices
line and commit log pushed
success: Documentation/ABI/removed/net_dma
closed 9 Documentation/ABI/removed/net_dma
line and commit log pushed
success: Documentation/ABI/stable/sysfs-class-udc
closed 10 Documentation/ABI/stable/sysfs-class-udc
line and commit log pushed
success: Documentation/ABI/stable/sysfs-bus-usb
closed 11 Documentation/ABI/stable/sysfs-bus-usb
line and commit log pushed
success: Documentation/ABI/obsolete/sysfs-driver-hid-roccat-kovaplus
closed 12 Documentation/ABI/obsolete/sysfs-driver-hid-roccat-kovaplus
line and commit log pushed
success: Documentation/ABI/obsolete/sysfs-driver-hid-roccat-pyra
closed 13 Documentation/ABI/obsolete/sysfs-driver-hid-roccat-pyra
line and commit log pushed
success: Documentation/ABI/removed/ip_queue
closed 14 Documentation/ABI/removed/ip_queue
line and commit log pushed
success: Documentation/ABI/obsolete/proc-sys-vm-nr_pdflush_threads
closed 15 Documentation/ABI/obsolete/proc-sys-vm-nr_pdflush_threads
line and commit log pushed
success: Documentation/ABI/stable/sysfs-class-tpm
closed 16 Documentation/ABI/stable/sysfs-class-tpm
line and commit log pushed
success: Documentation/ABI/stable/firewire-cdev
closed 17 Documentation/ABI/stable/firewire-cdev
line and commit log pushed
success: Documentation/ABI/stable/sysfs-acpi-pmprofile
closed 18 Documentation/ABI/stable/sysfs-acpi-pmprofile
line and commit log pushed
success: Documentation/ABI/stable/sysfs-bus-xen-backend
closed 19 Documentation/ABI/stable/sysfs-bus-xen-backend
line and commit log pushed
success: Documentation/ABI/stable/sysfs-bus-firewire
closed 20 Documentation/ABI/stable/sysfs-bus-firewire
line and commit log pushed
success: Documentation/ABI/obsolete/sysfs-driver-hid-roccat-koneplus
closed 21 Documentation/ABI/obsolete/sysfs-driver-hid-roccat-koneplus
line and commit log pushed
success: Documentation/ABI/removed/video1394
closed 22 Documentation/ABI/removed/video1394
line and commit log pushed
success: Documentation/ABI/removed/dv1394
closed 23 Documentation/ABI/removed/dv1394
line and commit log pushed
success: Documentation/ABI/removed/raw1394
closed 24 Documentation/ABI/removed/raw1394
line and commit log pushed
success: Documentation/ABI/obsolete/sysfs-bus-usb
closed 25 Documentation/ABI/obsolete/sysfs-bus-usb
line and commit log pushed
success: Documentation/ABI/stable/sysfs-class-rfkill
closed 26 Documentation/ABI/stable/sysfs-class-rfkill
line and commit log pushed
success: Documentation/ABI/stable/sysfs-class-backlight
closed 27 Documentation/ABI/stable/sysfs-class-backlight
line and commit log pushed
success: Documentation/ABI/stable/o2cb
closed 28 Documentation/ABI/stable/o2cb
line and commit log pushed
success: Documentation/ABI/stable/sysfs-class-ubi
closed 29 Documentation/ABI/stable/sysfs-class-ubi
line and commit log pushed
success: .mailmap
closed 30 .mailmap
line and commit log pushed
success: .gitignore
closed 31 .gitignore
line and commit log pushed
success: Documentation/ABI/README
closed 32 Documentation/ABI/README
line and commit log pushed
success: COPYING
closed 33 COPYING
line and commit log pushed
success: Documentation/ABI/stable/syscalls
closed 34 Documentation/ABI/stable/syscalls
line and commit log pushed
success: Documentation/00-INDEX
closed 35 Documentation/00-INDEX
line and commit log pushed
success: CREDITS
closed 36 CREDITS
closed 0 Documentation/ABI/stable
closed 0 Documentation/ABI/removed
closed 0 Documentation/ABI/obsolete
closed 0 Documentation/ABI
closed 0 Documentation
line and commit log pushed
success: .gitattributes
closed 1 .gitattributes
line and commit log pushed
success: .cocciconfig
closed 2 .cocciconfig
line and commit log pushed
success: Documentation/.gitignore
closed 3 Documentation/.gitignore
line and commit log pushed
success: .get_maintainer.ignore
closed 4 .get_maintainer.ignore
line and commit log pushed
success: Documentation/ABI/removed/sysfs-class-rfkill
closed 5 Documentation/ABI/removed/sysfs-class-rfkill
line and commit log pushed
success: Documentation/ABI/stable/sysfs-bus-vmbus
closed 6 Documentation/ABI/stable/sysfs-bus-vmbus
line and commit log pushed
success: Documentation/ABI/stable/sysfs-bus-w1
closed 7 Documentation/ABI/stable/sysfs-bus-w1
line and commit log pushed
success: Documentation/ABI/stable/sysfs-devices
closed 8 Documentation/ABI/stable/sysfs-devices
line and commit log pushed
success: Documentation/ABI/removed/net_dma
closed 9 Documentation/ABI/removed/net_dma
line and commit log pushed
success: Documentation/ABI/stable/sysfs-class-udc
closed 10 Documentation/ABI/stable/sysfs-class-udc
line and commit log pushed
success: Documentation/ABI/stable/sysfs-bus-usb
closed 11 Documentation/ABI/stable/sysfs-bus-usb
line and commit log pushed
success: Documentation/ABI/obsolete/sysfs-driver-hid-roccat-kovaplus
closed 12 Documentation/ABI/obsolete/sysfs-driver-hid-roccat-kovaplus
line and commit log pushed
success: Documentation/ABI/obsolete/sysfs-driver-hid-roccat-pyra
closed 13 Documentation/ABI/obsolete/sysfs-driver-hid-roccat-pyra
line and commit log pushed
success: Documentation/ABI/stable/sysfs-class-tpm
closed 14 Documentation/ABI/stable/sysfs-class-tpm
line and commit log pushed
success: Documentation/ABI/stable/sysfs-acpi-pmprofile
closed 15 Documentation/ABI/stable/sysfs-acpi-pmprofile
line and commit log pushed
success: Documentation/ABI/removed/ip_queue
closed 16 Documentation/ABI/removed/ip_queue
line and commit log pushed
success: Documentation/ABI/obsolete/proc-sys-vm-nr_pdflush_threads
closed 17 Documentation/ABI/obsolete/proc-sys-vm-nr_pdflush_threads
line and commit log pushed
success: Documentation/ABI/stable/sysfs-bus-xen-backend
closed 18 Documentation/ABI/stable/sysfs-bus-xen-backend
line and commit log pushed
success: Documentation/ABI/stable/firewire-cdev
closed 19 Documentation/ABI/stable/firewire-cdev
line and commit log pushed
success: Documentation/ABI/stable/sysfs-bus-firewire
closed 20 Documentation/ABI/stable/sysfs-bus-firewire
line and commit log pushed
success: Documentation/ABI/obsolete/sysfs-bus-usb
closed 21 Documentation/ABI/obsolete/sysfs-bus-usb
line and commit log pushed
success: Documentation/ABI/obsolete/sysfs-driver-hid-roccat-koneplus
closed 22 Documentation/ABI/obsolete/sysfs-driver-hid-roccat-koneplus
line and commit log pushed
success: Documentation/ABI/removed/video1394
closed 23 Documentation/ABI/removed/video1394
line and commit log pushed
success: Documentation/ABI/removed/dv1394
closed 24 Documentation/ABI/removed/dv1394
line and commit log pushed
success: Documentation/ABI/removed/raw1394
closed 25 Documentation/ABI/removed/raw1394
line and commit log pushed
success: Documentation/ABI/stable/sysfs-class-rfkill
closed 26 Documentation/ABI/stable/sysfs-class-rfkill
line and commit log pushed
success: Documentation/ABI/stable/sysfs-class-backlight
closed 27 Documentation/ABI/stable/sysfs-class-backlight
line and commit log pushed
success: Documentation/ABI/stable/o2cb
closed 28 Documentation/ABI/stable/o2cb
line and commit log pushed
success: Documentation/ABI/stable/sysfs-class-ubi
closed 29 Documentation/ABI/stable/sysfs-class-ubi
line and commit log pushed
success: .mailmap
closed 30 .mailmap
line and commit log pushed
success: .gitignore
closed 31 .gitignore
line and commit log pushed
success: Documentation/ABI/stable/syscalls
closed 32 Documentation/ABI/stable/syscalls
line and commit log pushed
success: COPYING
closed 33 COPYING
line and commit log pushed
success: Documentation/ABI/README
closed 34 Documentation/ABI/README
line and commit log pushed
success: Documentation/00-INDEX
closed 35 Documentation/00-INDEX
line and commit log pushed
success: CREDITS
closed 36 CREDITS
closed 0 Documentation/ABI/stable
closed 0 Documentation/ABI/removed
closed 0 Documentation/ABI/obsolete
closed 0 Documentation/ABI
closed 0 Documentation
line and commit log pushed
success: .gitattributes
closed 1 .gitattributes
line and commit log pushed
success: .cocciconfig
closed 2 .cocciconfig
line and commit log pushed
success: Documentation/.gitignore
closed 3 Documentation/.gitignore
line and commit log pushed
success: Documentation/ABI/removed/sysfs-class-rfkill
closed 4 Documentation/ABI/removed/sysfs-class-rfkill
line and commit log pushed
success: .get_maintainer.ignore
closed 5 .get_maintainer.ignore
line and commit log pushed
success: Documentation/ABI/stable/sysfs-bus-w1
closed 6 Documentation/ABI/stable/sysfs-bus-w1
line and commit log pushed
success: Documentation/ABI/stable/sysfs-bus-vmbus
closed 7 Documentation/ABI/stable/sysfs-bus-vmbus
line and commit log pushed
success: Documentation/ABI/stable/sysfs-devices
closed 8 Documentation/ABI/stable/sysfs-devices
line and commit log pushed
success: Documentation/ABI/stable/sysfs-class-udc
closed 9 Documentation/ABI/stable/sysfs-class-udc
line and commit log pushed
success: Documentation/ABI/removed/net_dma
closed 10 Documentation/ABI/removed/net_dma
line and commit log pushed
success: Documentation/ABI/stable/sysfs-bus-usb
closed 11 Documentation/ABI/stable/sysfs-bus-usb
line and commit log pushed
success: Documentation/ABI/obsolete/sysfs-driver-hid-roccat-kovaplus
closed 12 Documentation/ABI/obsolete/sysfs-driver-hid-roccat-kovaplus
line and commit log pushed
success: Documentation/ABI/obsolete/sysfs-driver-hid-roccat-pyra
closed 13 Documentation/ABI/obsolete/sysfs-driver-hid-roccat-pyra
line and commit log pushed
success: Documentation/ABI/obsolete/proc-sys-vm-nr_pdflush_threads
closed 14 Documentation/ABI/obsolete/proc-sys-vm-nr_pdflush_threads
line and commit log pushed
success: Documentation/ABI/stable/sysfs-class-tpm
closed 15 Documentation/ABI/stable/sysfs-class-tpm
line and commit log pushed
success: Documentation/ABI/stable/firewire-cdev
closed 16 Documentation/ABI/stable/firewire-cdev
line and commit log pushed
success: Documentation/ABI/stable/sysfs-acpi-pmprofile
closed 17 Documentation/ABI/stable/sysfs-acpi-pmprofile
line and commit log pushed
success: Documentation/ABI/obsolete/sysfs-driver-hid-roccat-koneplus
closed 18 Documentation/ABI/obsolete/sysfs-driver-hid-roccat-koneplus
line and commit log pushed
success: Documentation/ABI/removed/ip_queue
closed 19 Documentation/ABI/removed/ip_queue
line and commit log pushed
success: Documentation/ABI/stable/sysfs-bus-xen-backend
closed 20 Documentation/ABI/stable/sysfs-bus-xen-backend
line and commit log pushed
success: Documentation/ABI/removed/raw1394
closed 21 Documentation/ABI/removed/raw1394
line and commit log pushed
success: Documentation/ABI/removed/dv1394
closed 22 Documentation/ABI/removed/dv1394
line and commit log pushed
success: Documentation/ABI/obsolete/sysfs-bus-usb
closed 23 Documentation/ABI/obsolete/sysfs-bus-usb
line and commit log pushed
success: Documentation/ABI/removed/video1394
closed 24 Documentation/ABI/removed/video1394
line and commit log pushed
success: Documentation/ABI/stable/sysfs-class-rfkill
closed 25 Documentation/ABI/stable/sysfs-class-rfkill
line and commit log pushed
success: Documentation/ABI/stable/sysfs-bus-firewire
closed 26 Documentation/ABI/stable/sysfs-bus-firewire
line and commit log pushed
success: Documentation/ABI/stable/sysfs-class-backlight
closed 27 Documentation/ABI/stable/sysfs-class-backlight
line and commit log pushed
success: .mailmap
closed 28 .mailmap
line and commit log pushed
success: Documentation/ABI/stable/o2cb
closed 29 Documentation/ABI/stable/o2cb
line and commit log pushed
success: Documentation/ABI/stable/sysfs-class-ubi
closed 30 Documentation/ABI/stable/sysfs-class-ubi
line and commit log pushed
success: Documentation/ABI/README
closed 31 Documentation/ABI/README
line and commit log pushed
success: .gitignore
closed 32 .gitignore
line and commit log pushed
success: COPYING
closed 33 COPYING
line and commit log pushed
success: Documentation/ABI/stable/syscalls
closed 34 Documentation/ABI/stable/syscalls
line and commit log pushed
success: Documentation/00-INDEX
closed 35 Documentation/00-INDEX
line and commit log pushed
success: CREDITS
closed 36 CREDITS
